<?xml version="1.0" encoding="UTF-8"?>
<!-- Generated by org.testng.reporters.JUnitReportReporter -->
<testsuite hostname="Kailash" failures="0" tests="1" name="TestPackage.ExtentReportswithTestNG" time="0.019" errors="0" timestamp="17 Aug 2020 18:23:15 GMT">
  <testcase classname="TestPackage.ExtentReportswithTestNG" name="sampleMethod" time="0.019"/>
</testsuite> <!-- TestPackage.ExtentReportswithTestNG -->
