<?xml version="1.0" encoding="UTF-8"?>
<!-- Generated by org.testng.reporters.JUnitReportReporter -->
<testsuite hostname="Kailash" failures="0" tests="1" name="TestPackage.GoogleSearchPageTest" time="4.711" errors="0" timestamp="26 Feb 2021 06:26:01 GMT">
  <testcase classname="TestPackage.GoogleSearchPageTest" name="GoogleSearch" time="4.711"/>
</testsuite> <!-- TestPackage.GoogleSearchPageTest -->
