<?xml version="1.0" encoding="UTF-8"?>
<!-- Generated by org.testng.reporters.JUnitReportReporter -->
<testsuite hostname="Kailash" failures="0" tests="1" name="TestPackage.GoogleSearchPageTest2" time="4.581" errors="0" timestamp="18 Aug 2020 17:13:32 GMT">
  <testcase classname="TestPackage.GoogleSearchPageTest2" name="GoogleSearchcopy" time="4.581"/>
</testsuite> <!-- TestPackage.GoogleSearchPageTest2 -->
