<?xml version="1.0" encoding="UTF-8"?>
<!-- Generated by org.testng.reporters.JUnitReportReporter -->
<testsuite hostname="Kailash" failures="0" tests="1" name="TestPackage.GoogleSearchPageTest2" time="5.965" errors="0" timestamp="2 Mar 2021 08:56:39 GMT">
  <testcase classname="TestPackage.GoogleSearchPageTest2" name="GoogleSearchcopy" time="5.965"/>
</testsuite> <!-- TestPackage.GoogleSearchPageTest2 -->
